<?xml version="1.0" encoding="UTF-8"?>
<testExecutions version="1">
  <file path="/Users/sophievos/cicd-workshop-github-actions/src/App.test.js">
    <testCase name="renders learn react link" duration="16"/>
    <testCase name="renders workshop title header" duration="3"/>
  </file>
</testExecutions>